This file contains any messages produced by compilers while
running configure, to aid debugging if configure makes a mistake.

It was created by Google C++ Testing Framework configure 1.3.0, which was
generated by GNU Autoconf 2.61.  Invocation command line was

  $ ./configure --prefix=/usr/local --cache-file=/dev/null --srcdir=.

## --------- ##
## Platform. ##
## --------- ##

hostname = rrdhcp-60-161.redrover.cornell.edu
uname -m = i386
uname -r = 10.8.0
uname -s = Darwin
uname -v = Darwin Kernel Version 10.8.0: Tue Jun  7 16:33:36 PDT 2011; root:xnu-1504.15.3~1/RELEASE_I386

/usr/bin/uname -p = i386
/bin/uname -X     = unknown

/bin/arch              = unknown
/usr/bin/arch -k       = unknown
/usr/convex/getsysinfo = unknown
/usr/bin/hostinfo      = Mach kernel version:
	 Darwin Kernel Version 10.8.0: Tue Jun  7 16:33:36 PDT 2011; root:xnu-1504.15.3~1/RELEASE_I386
Kernel configured for up to 4 processors.
2 processors are physically available.
4 processors are logically available.
Processor type: i486 (Intel 80486)
Processors active: 0 1 2 3
Primary memory available: 4.00 gigabytes
Default processor set: 75 tasks, 359 threads, 4 processors
Load average: 3.64, Mach factor: 0.52
/bin/machine           = unknown
/usr/bin/oslevel       = unknown
/bin/universe          = unknown

PATH: /usr/bin
PATH: /bin
PATH: /usr/sbin
PATH: /sbin
PATH: /usr/local/bin
PATH: /usr/texbin
PATH: /usr/X11/bin


## ----------- ##
## Core tests. ##
## ----------- ##

configure:1868: checking for a BSD-compatible install
configure:1924: result: /usr/bin/install -c
configure:1935: checking whether build environment is sane
configure:1978: result: yes
configure:2006: checking for a thread-safe mkdir -p
configure:2045: result: build-aux/install-sh -c -d
configure:2058: checking for gawk
configure:2088: result: no
configure:2058: checking for mawk
configure:2088: result: no
configure:2058: checking for nawk
configure:2088: result: no
configure:2058: checking for awk
configure:2074: found /usr/bin/awk
configure:2085: result: awk
configure:2096: checking whether make sets $(MAKE)
configure:2117: result: yes
configure:2355: checking for gcc
configure:2371: found /usr/bin/gcc
configure:2382: result: gcc
configure:2620: checking for C compiler version
configure:2627: gcc --version >&5
i686-apple-darwin10-llvm-gcc-4.2 (GCC) 4.2.1 (Based on Apple Inc. build 5658) (LLVM build 2336.1.00)
Copyright (C) 2007 Free Software Foundation, Inc.
This is free software; see the source for copying conditions.  There is NO
warranty; not even for MERCHANTABILITY or FITNESS FOR A PARTICULAR PURPOSE.

configure:2630: $? = 0
configure:2637: gcc -v >&5
Using built-in specs.
Target: i686-apple-darwin10
Configured with: /private/var/tmp/llvmgcc42/llvmgcc42-2336.1~3/src/configure --disable-checking --enable-werror --prefix=/Developer/usr/llvm-gcc-4.2 --mandir=/share/man --enable-languages=c,objc,c++,obj-c++ --program-prefix=llvm- --program-transform-name=/^[cg][^.-]*$/s/$/-4.2/ --with-slibdir=/usr/lib --build=i686-apple-darwin10 --enable-llvm=/private/var/tmp/llvmgcc42/llvmgcc42-2336.1~3/dst-llvmCore/Developer/usr/local --program-prefix=i686-apple-darwin10- --host=x86_64-apple-darwin10 --target=i686-apple-darwin10 --with-gxx-include-dir=/usr/include/c++/4.2.1
Thread model: posix
gcc version 4.2.1 (Based on Apple Inc. build 5658) (LLVM build 2336.1.00)
configure:2640: $? = 0
configure:2647: gcc -V >&5
llvm-gcc-4.2: argument to `-V' is missing
configure:2650: $? = 1
configure:2673: checking for C compiler default output file name
configure:2700: gcc    conftest.c  >&5
configure:2703: $? = 0
configure:2741: result: a.out
configure:2758: checking whether the C compiler works
configure:2768: ./a.out
configure:2771: $? = 0
configure:2788: result: yes
configure:2795: checking whether we are cross compiling
configure:2797: result: no
configure:2800: checking for suffix of executables
configure:2807: gcc -o conftest    conftest.c  >&5
configure:2810: $? = 0
configure:2834: result: 
configure:2840: checking for suffix of object files
configure:2866: gcc -c   conftest.c >&5
configure:2869: $? = 0
configure:2892: result: o
configure:2896: checking whether we are using the GNU C compiler
configure:2925: gcc -c   conftest.c >&5
configure:2931: $? = 0
configure:2948: result: yes
configure:2953: checking whether gcc accepts -g
configure:2983: gcc -c -g  conftest.c >&5
configure:2989: $? = 0
configure:3088: result: yes
configure:3105: checking for gcc option to accept ISO C89
configure:3179: gcc  -c -g -O2  conftest.c >&5
configure:3185: $? = 0
configure:3208: result: none needed
configure:3237: checking for style of include used by make
configure:3265: result: GNU
configure:3290: checking dependency style of gcc
configure:3381: result: gcc3
configure:3454: checking for g++
configure:3470: found /usr/bin/g++
configure:3481: result: g++
configure:3512: checking for C++ compiler version
configure:3519: g++ --version >&5
i686-apple-darwin10-llvm-g++-4.2 (GCC) 4.2.1 (Based on Apple Inc. build 5658) (LLVM build 2336.1.00)
Copyright (C) 2007 Free Software Foundation, Inc.
This is free software; see the source for copying conditions.  There is NO
warranty; not even for MERCHANTABILITY or FITNESS FOR A PARTICULAR PURPOSE.

configure:3522: $? = 0
configure:3529: g++ -v >&5
Using built-in specs.
Target: i686-apple-darwin10
Configured with: /private/var/tmp/llvmgcc42/llvmgcc42-2336.1~3/src/configure --disable-checking --enable-werror --prefix=/Developer/usr/llvm-gcc-4.2 --mandir=/share/man --enable-languages=c,objc,c++,obj-c++ --program-prefix=llvm- --program-transform-name=/^[cg][^.-]*$/s/$/-4.2/ --with-slibdir=/usr/lib --build=i686-apple-darwin10 --enable-llvm=/private/var/tmp/llvmgcc42/llvmgcc42-2336.1~3/dst-llvmCore/Developer/usr/local --program-prefix=i686-apple-darwin10- --host=x86_64-apple-darwin10 --target=i686-apple-darwin10 --with-gxx-include-dir=/usr/include/c++/4.2.1
Thread model: posix
gcc version 4.2.1 (Based on Apple Inc. build 5658) (LLVM build 2336.1.00)
configure:3532: $? = 0
configure:3539: g++ -V >&5
llvm-g++-4.2: argument to `-V' is missing
configure:3542: $? = 1
configure:3545: checking whether we are using the GNU C++ compiler
configure:3574: g++ -c  -g -DNDEBUG  conftest.cpp >&5
configure:3580: $? = 0
configure:3597: result: yes
configure:3602: checking whether g++ accepts -g
configure:3632: g++ -c -g  conftest.cpp >&5
configure:3638: $? = 0
configure:3737: result: yes
configure:3762: checking dependency style of g++
configure:3853: result: gcc3
configure:3905: checking build system type
configure:3923: result: i386-apple-darwin10.8.0
configure:3945: checking host system type
configure:3960: result: i386-apple-darwin10.8.0
configure:4003: checking how to print strings
configure:4030: result: printf
configure:4051: checking for a sed that does not truncate output
configure:4130: result: /usr/bin/sed
configure:4148: checking for grep that handles long lines and -e
configure:4222: result: /usr/bin/grep
configure:4227: checking for egrep
configure:4305: result: /usr/bin/grep -E
configure:4310: checking for fgrep
configure:4388: result: /usr/bin/grep -F
configure:4423: checking for ld used by gcc
configure:4490: result: /usr/llvm-gcc-4.2/libexec/gcc/i686-apple-darwin10/4.2.1/ld
configure:4499: checking if the linker (/usr/llvm-gcc-4.2/libexec/gcc/i686-apple-darwin10/4.2.1/ld) is GNU ld
configure:4514: result: no
configure:4526: checking for BSD- or MS-compatible name lister (nm)
configure:4575: result: /usr/bin/nm
configure:4709: checking the name lister (/usr/bin/nm) interface
configure:4716: g++ -c  -g -DNDEBUG  conftest.cpp >&5
configure:4719: /usr/bin/nm "conftest.o"
configure:4722: output
00000000000001cc S _some_variable
configure:4729: result: BSD nm
configure:4732: checking whether ln -s works
configure:4736: result: yes
configure:4744: checking the maximum length of command line arguments
configure:4869: result: 196608
configure:4886: checking whether the shell understands some XSI constructs
configure:4896: result: yes
configure:4900: checking whether the shell understands "+="
configure:4906: result: yes
configure:4941: checking for /usr/llvm-gcc-4.2/libexec/gcc/i686-apple-darwin10/4.2.1/ld option to reload object files
configure:4948: result: -r
configure:5017: checking for objdump
configure:5047: result: no
configure:5080: checking how to recognize dependent libraries
configure:5282: result: pass_all
configure:5342: checking for ar
configure:5358: found /usr/bin/ar
configure:5369: result: ar
configure:5451: checking for strip
configure:5467: found /usr/bin/strip
configure:5478: result: strip
configure:5554: checking for ranlib
configure:5570: found /usr/bin/ranlib
configure:5581: result: ranlib
configure:5687: checking command to parse /usr/bin/nm output from gcc object
configure:5805: g++ -c  -g -DNDEBUG  conftest.cpp >&5
configure:5808: $? = 0
configure:5812: /usr/bin/nm conftest.o \| sed -n -e 's/^.*[ ]\([BCDEGRST][BCDEGRST]*\)[ ][ ]*\([_A-Za-z][_A-Za-z0-9]*\)$/\1 \2 \2/p' \> conftest.nm
configure:5815: $? = 0
cannot find nm_test_var in conftest.nm
configure:5805: g++ -c  -g -DNDEBUG  conftest.cpp >&5
configure:5808: $? = 0
configure:5812: /usr/bin/nm conftest.o \| sed -n -e 's/^.*[ ]\([BCDEGRST][BCDEGRST]*\)[ ][ ]*_\([_A-Za-z][_A-Za-z0-9]*\)$/\1 _\2 \2/p' \> conftest.nm
configure:5815: $? = 0
configure:5869: g++ -o conftest  -g -DNDEBUG   conftest.cpp conftstm.o >&5
configure:5872: $? = 0
configure:5910: result: ok
configure:6200: checking for dsymutil
configure:6216: found /usr/bin/dsymutil
configure:6227: result: dsymutil
configure:6296: checking for nmedit
configure:6312: found /usr/bin/nmedit
configure:6323: result: nmedit
configure:6392: checking for lipo
configure:6408: found /usr/bin/lipo
configure:6419: result: lipo
configure:6488: checking for otool
configure:6504: found /usr/bin/otool
configure:6515: result: otool
configure:6584: checking for otool64
configure:6614: result: no
configure:6663: checking for -single_module linker flag
gcc -g -O2  -o libconftest.dylib -dynamiclib -Wl,-single_module conftest.c
configure:6690: result: yes
configure:6692: checking for -exported_symbols_list linker flag
configure:6722: g++ -o conftest  -g -DNDEBUG   -Wl,-exported_symbols_list,conftest.sym conftest.cpp  >&5
configure:6728: $? = 0
configure:6747: result: yes
configure:6749: checking for -force_load linker flag
gcc -g -O2 -c -o conftest.o conftest.c
ar cru libconftest.a conftest.o
ranlib libconftest.a
gcc -g -O2  -o conftest conftest.c -Wl,-force_load,./libconftest.a
configure:6779: result: yes
configure:6821: checking how to run the C preprocessor
configure:6861: gcc -E  conftest.c
configure:6867: $? = 0
configure:6898: gcc -E  conftest.c
conftest.c:10:28: error: ac_nonexistent.h: No such file or directory
configure:6904: $? = 1
configure: failed program was:
| /* confdefs.h.  */
| #define PACKAGE_NAME "Google C++ Testing Framework"
| #define PACKAGE_TARNAME "gtest"
| #define PACKAGE_VERSION "1.3.0"
| #define PACKAGE_STRING "Google C++ Testing Framework 1.3.0"
| #define PACKAGE_BUGREPORT "googletestframework@googlegroups.com"
| #define PACKAGE "gtest"
| #define VERSION "1.3.0"
| /* end confdefs.h.  */
| #include <ac_nonexistent.h>
configure:6937: result: gcc -E
configure:6966: gcc -E  conftest.c
configure:6972: $? = 0
configure:7003: gcc -E  conftest.c
conftest.c:10:28: error: ac_nonexistent.h: No such file or directory
configure:7009: $? = 1
configure: failed program was:
| /* confdefs.h.  */
| #define PACKAGE_NAME "Google C++ Testing Framework"
| #define PACKAGE_TARNAME "gtest"
| #define PACKAGE_VERSION "1.3.0"
| #define PACKAGE_STRING "Google C++ Testing Framework 1.3.0"
| #define PACKAGE_BUGREPORT "googletestframework@googlegroups.com"
| #define PACKAGE "gtest"
| #define VERSION "1.3.0"
| /* end confdefs.h.  */
| #include <ac_nonexistent.h>
configure:7047: checking for ANSI C header files
configure:7077: gcc -c -g -O2  conftest.c >&5
configure:7083: $? = 0
configure:7182: gcc -o conftest -g -O2   conftest.c  >&5
configure:7185: $? = 0
configure:7191: ./conftest
configure:7194: $? = 0
configure:7211: result: yes
configure:7235: checking for sys/types.h
configure:7256: gcc -c -g -O2  conftest.c >&5
configure:7262: $? = 0
configure:7278: result: yes
configure:7235: checking for sys/stat.h
configure:7256: gcc -c -g -O2  conftest.c >&5
configure:7262: $? = 0
configure:7278: result: yes
configure:7235: checking for stdlib.h
configure:7256: gcc -c -g -O2  conftest.c >&5
configure:7262: $? = 0
configure:7278: result: yes
configure:7235: checking for string.h
configure:7256: gcc -c -g -O2  conftest.c >&5
configure:7262: $? = 0
configure:7278: result: yes
configure:7235: checking for memory.h
configure:7256: gcc -c -g -O2  conftest.c >&5
configure:7262: $? = 0
configure:7278: result: yes
configure:7235: checking for strings.h
configure:7256: gcc -c -g -O2  conftest.c >&5
configure:7262: $? = 0
configure:7278: result: yes
configure:7235: checking for inttypes.h
configure:7256: gcc -c -g -O2  conftest.c >&5
configure:7262: $? = 0
configure:7278: result: yes
configure:7235: checking for stdint.h
configure:7256: gcc -c -g -O2  conftest.c >&5
configure:7262: $? = 0
configure:7278: result: yes
configure:7235: checking for unistd.h
configure:7256: gcc -c -g -O2  conftest.c >&5
configure:7262: $? = 0
configure:7278: result: yes
configure:7294: checking for dlfcn.h
configure:7315: gcc -c -g -O2  conftest.c >&5
configure:7321: $? = 0
configure:7337: result: yes
configure:7525: checking for objdir
configure:7540: result: .libs
configure:7807: checking if gcc supports -fno-rtti -fno-exceptions
configure:7825: gcc -c -g -O2  -fno-rtti -fno-exceptions conftest.c >&5
cc1: warning: command line option "-fno-rtti" is valid for C++/ObjC++ but not for C
configure:7829: $? = 0
configure:7842: result: no
configure:7862: checking for gcc option to produce PIC
configure:8147: result: -fno-common -DPIC
configure:8159: checking if gcc PIC flag -fno-common -DPIC works
configure:8177: gcc -c -g -O2  -fno-common -DPIC -DPIC conftest.c >&5
configure:8181: $? = 0
configure:8194: result: yes
configure:8218: checking if gcc static flag -static works
configure:8246: result: no
configure:8261: checking if gcc supports -c -o file.o
configure:8282: gcc -c -g -O2  -o out/conftest2.o conftest.c >&5
configure:8286: $? = 0
configure:8308: result: yes
configure:8316: checking if gcc supports -c -o file.o
configure:8363: result: yes
configure:8396: checking whether the gcc linker (/usr/llvm-gcc-4.2/libexec/gcc/i686-apple-darwin10/4.2.1/ld) supports shared libraries
configure:9547: result: yes
configure:9792: checking dynamic linker characteristics
configure:10497: result: darwin10.8.0 dyld
configure:10604: checking how to hardcode library paths into programs
configure:10629: result: immediate
configure:11454: checking whether stripping libraries is possible
configure:11468: result: yes
configure:11494: checking if libtool supports shared libraries
configure:11496: result: yes
configure:11499: checking whether to build shared libraries
configure:11520: result: yes
configure:11523: checking whether to build static libraries
configure:11527: result: yes
configure:11550: checking how to run the C++ preprocessor
configure:11586: g++ -E  conftest.cpp
configure:11592: $? = 0
configure:11623: g++ -E  conftest.cpp
conftest.cpp:22:28: error: ac_nonexistent.h: No such file or directory
configure:11629: $? = 1
configure: failed program was:
| /* confdefs.h.  */
| #define PACKAGE_NAME "Google C++ Testing Framework"
| #define PACKAGE_TARNAME "gtest"
| #define PACKAGE_VERSION "1.3.0"
| #define PACKAGE_STRING "Google C++ Testing Framework 1.3.0"
| #define PACKAGE_BUGREPORT "googletestframework@googlegroups.com"
| #define PACKAGE "gtest"
| #define VERSION "1.3.0"
| #define STDC_HEADERS 1
| #define HAVE_SYS_TYPES_H 1
| #define HAVE_SYS_STAT_H 1
| #define HAVE_STDLIB_H 1
| #define HAVE_STRING_H 1
| #define HAVE_MEMORY_H 1
| #define HAVE_STRINGS_H 1
| #define HAVE_INTTYPES_H 1
| #define HAVE_STDINT_H 1
| #define HAVE_UNISTD_H 1
| #define HAVE_DLFCN_H 1
| #define LT_OBJDIR ".libs/"
| /* end confdefs.h.  */
| #include <ac_nonexistent.h>
configure:11662: result: g++ -E
configure:11691: g++ -E  conftest.cpp
configure:11697: $? = 0
configure:11728: g++ -E  conftest.cpp
conftest.cpp:22:28: error: ac_nonexistent.h: No such file or directory
configure:11734: $? = 1
configure: failed program was:
| /* confdefs.h.  */
| #define PACKAGE_NAME "Google C++ Testing Framework"
| #define PACKAGE_TARNAME "gtest"
| #define PACKAGE_VERSION "1.3.0"
| #define PACKAGE_STRING "Google C++ Testing Framework 1.3.0"
| #define PACKAGE_BUGREPORT "googletestframework@googlegroups.com"
| #define PACKAGE "gtest"
| #define VERSION "1.3.0"
| #define STDC_HEADERS 1
| #define HAVE_SYS_TYPES_H 1
| #define HAVE_SYS_STAT_H 1
| #define HAVE_STDLIB_H 1
| #define HAVE_STRING_H 1
| #define HAVE_MEMORY_H 1
| #define HAVE_STRINGS_H 1
| #define HAVE_INTTYPES_H 1
| #define HAVE_STDINT_H 1
| #define HAVE_UNISTD_H 1
| #define HAVE_DLFCN_H 1
| #define LT_OBJDIR ".libs/"
| /* end confdefs.h.  */
| #include <ac_nonexistent.h>
configure:11911: checking for ld used by g++
configure:11978: result: /usr/llvm-gcc-4.2/libexec/gcc/i686-apple-darwin10/4.2.1/ld
configure:11987: checking if the linker (/usr/llvm-gcc-4.2/libexec/gcc/i686-apple-darwin10/4.2.1/ld) is GNU ld
configure:12002: result: no
configure:12057: checking whether the g++ linker (/usr/llvm-gcc-4.2/libexec/gcc/i686-apple-darwin10/4.2.1/ld) supports shared libraries
configure:13043: result: yes
configure:13071: g++ -c  -g -DNDEBUG  conftest.cpp >&5
configure:13074: $? = 0
configure:13256: checking for g++ option to produce PIC
configure:13578: result: -fno-common -DPIC
configure:13587: checking if g++ PIC flag -fno-common -DPIC works
configure:13605: g++ -c  -g -DNDEBUG  -fno-common -DPIC -DPIC conftest.cpp >&5
configure:13609: $? = 0
configure:13622: result: yes
configure:13643: checking if g++ static flag -static works
configure:13671: result: no
configure:13683: checking if g++ supports -c -o file.o
configure:13704: g++ -c  -g -DNDEBUG  -o out/conftest2.o conftest.cpp >&5
configure:13708: $? = 0
configure:13730: result: yes
configure:13735: checking if g++ supports -c -o file.o
configure:13782: result: yes
configure:13812: checking whether the g++ linker (/usr/llvm-gcc-4.2/libexec/gcc/i686-apple-darwin10/4.2.1/ld) supports shared libraries
configure:13840: result: yes
configure:13983: checking dynamic linker characteristics
configure:14622: result: darwin10.8.0 dyld
configure:14675: checking how to hardcode library paths into programs
configure:14700: result: immediate
configure:14767: checking for python
configure:14785: found /usr/bin/python
configure:14798: result: /usr/bin/python
configure:14814: /usr/bin/python -c import sys, string # split strings by '.' and convert to numeric. Append some zeros # because we need at least 4 digits for the hex conversion. minver = map(int, string.split('2.3', '.')) + [0, 0, 0] minverhex = 0 for i in xrange(0, 4): minverhex = (minverhex << 8) + minver[i] sys.exit(sys.hexversion < minverhex)
configure:14817: $? = 0
configure:15028: checking for the pthreads library -lpthreads
configure:15071: gcc -o conftest -g -O2    conftest.c -lpthreads  >&5
ld: library not found for -lpthreads
collect2: ld returned 1 exit status
configure:15077: $? = 1
configure: failed program was:
| /* confdefs.h.  */
| #define PACKAGE_NAME "Google C++ Testing Framework"
| #define PACKAGE_TARNAME "gtest"
| #define PACKAGE_VERSION "1.3.0"
| #define PACKAGE_STRING "Google C++ Testing Framework 1.3.0"
| #define PACKAGE_BUGREPORT "googletestframework@googlegroups.com"
| #define PACKAGE "gtest"
| #define VERSION "1.3.0"
| #define STDC_HEADERS 1
| #define HAVE_SYS_TYPES_H 1
| #define HAVE_SYS_STAT_H 1
| #define HAVE_STDLIB_H 1
| #define HAVE_STRING_H 1
| #define HAVE_MEMORY_H 1
| #define HAVE_STRINGS_H 1
| #define HAVE_INTTYPES_H 1
| #define HAVE_STDINT_H 1
| #define HAVE_UNISTD_H 1
| #define HAVE_DLFCN_H 1
| #define LT_OBJDIR ".libs/"
| /* end confdefs.h.  */
| #include <pthread.h>
| int
| main ()
| {
| pthread_t th; pthread_join(th, 0);
|                      pthread_attr_init(0); pthread_cleanup_push(0, 0);
|                      pthread_create(0,0,0,0); pthread_cleanup_pop(0);
|   ;
|   return 0;
| }
configure:15097: result: no
configure:14973: checking whether pthreads work without any flags
configure:15071: gcc -o conftest -g -O2    conftest.c   >&5
configure:15077: $? = 0
configure:15097: result: yes
configure:15116: checking for joinable pthread attribute
configure:15141: gcc -o conftest -g -O2    conftest.c   >&5
configure:15147: $? = 0
configure:15164: result: PTHREAD_CREATE_JOINABLE
configure:15174: checking if more special flags are required for pthreads
configure:15181: result: -D_THREAD_SAFE
configure:15270: checking whether to check for GCC pthread/shared inconsistencies
configure:15293: gcc -o conftest -shared -fPIC -Wl,-z,defs -g -O2 -D_THREAD_SAFE    conftest.c   >&5
ld: unknown option: -z
collect2: ld returned 1 exit status
configure:15299: $? = 1
configure: failed program was:
| /* confdefs.h.  */
| #define PACKAGE_NAME "Google C++ Testing Framework"
| #define PACKAGE_TARNAME "gtest"
| #define PACKAGE_VERSION "1.3.0"
| #define PACKAGE_STRING "Google C++ Testing Framework 1.3.0"
| #define PACKAGE_BUGREPORT "googletestframework@googlegroups.com"
| #define PACKAGE "gtest"
| #define VERSION "1.3.0"
| #define STDC_HEADERS 1
| #define HAVE_SYS_TYPES_H 1
| #define HAVE_SYS_STAT_H 1
| #define HAVE_STDLIB_H 1
| #define HAVE_STRING_H 1
| #define HAVE_MEMORY_H 1
| #define HAVE_STRINGS_H 1
| #define HAVE_INTTYPES_H 1
| #define HAVE_STDINT_H 1
| #define HAVE_UNISTD_H 1
| #define HAVE_DLFCN_H 1
| #define LT_OBJDIR ".libs/"
| /* end confdefs.h.  */
| 
| int
| main ()
| {
| 
|   ;
|   return 0;
| }
configure:15317: result: no
configure:15682: creating ./config.status

## ---------------------- ##
## Running config.status. ##
## ---------------------- ##

This file was extended by Google C++ Testing Framework config.status 1.3.0, which was
generated by GNU Autoconf 2.61.  Invocation command line was

  CONFIG_FILES    = 
  CONFIG_HEADERS  = 
  CONFIG_LINKS    = 
  CONFIG_COMMANDS = 
  $ ./config.status 

on rrdhcp-60-161.redrover.cornell.edu

config.status:920: creating Makefile
config.status:920: creating scripts/gtest-config
config.status:920: creating build-aux/config.h
config.status:1149: build-aux/config.h is unchanged
config.status:1195: executing depfiles commands
config.status:1195: executing libtool commands

## ---------------- ##
## Cache variables. ##
## ---------------- ##

ac_cv_build=i386-apple-darwin10.8.0
ac_cv_c_compiler_gnu=yes
ac_cv_cxx_compiler_gnu=yes
ac_cv_env_CCC_set=
ac_cv_env_CCC_value=
ac_cv_env_CC_set=
ac_cv_env_CC_value=
ac_cv_env_CFLAGS_set=
ac_cv_env_CFLAGS_value=
ac_cv_env_CPPFLAGS_set=
ac_cv_env_CPPFLAGS_value=
ac_cv_env_CPP_set=
ac_cv_env_CPP_value=
ac_cv_env_CXXCPP_set=
ac_cv_env_CXXCPP_value=
ac_cv_env_CXXFLAGS_set=set
ac_cv_env_CXXFLAGS_value=' -g -DNDEBUG'
ac_cv_env_CXX_set=
ac_cv_env_CXX_value=
ac_cv_env_LDFLAGS_set=
ac_cv_env_LDFLAGS_value=
ac_cv_env_LIBS_set=
ac_cv_env_LIBS_value=
ac_cv_env_build_alias_set=
ac_cv_env_build_alias_value=
ac_cv_env_host_alias_set=
ac_cv_env_host_alias_value=
ac_cv_env_target_alias_set=
ac_cv_env_target_alias_value=
ac_cv_header_dlfcn_h=yes
ac_cv_header_inttypes_h=yes
ac_cv_header_memory_h=yes
ac_cv_header_stdc=yes
ac_cv_header_stdint_h=yes
ac_cv_header_stdlib_h=yes
ac_cv_header_string_h=yes
ac_cv_header_strings_h=yes
ac_cv_header_sys_stat_h=yes
ac_cv_header_sys_types_h=yes
ac_cv_header_unistd_h=yes
ac_cv_host=i386-apple-darwin10.8.0
ac_cv_objext=o
ac_cv_path_EGREP='/usr/bin/grep -E'
ac_cv_path_FGREP='/usr/bin/grep -F'
ac_cv_path_GREP=/usr/bin/grep
ac_cv_path_PYTHON=/usr/bin/python
ac_cv_path_SED=/usr/bin/sed
ac_cv_path_install='/usr/bin/install -c'
ac_cv_prog_AWK=awk
ac_cv_prog_CPP='gcc -E'
ac_cv_prog_CXXCPP='g++ -E'
ac_cv_prog_ac_ct_AR=ar
ac_cv_prog_ac_ct_CC=gcc
ac_cv_prog_ac_ct_CXX=g++
ac_cv_prog_ac_ct_DSYMUTIL=dsymutil
ac_cv_prog_ac_ct_LIPO=lipo
ac_cv_prog_ac_ct_NMEDIT=nmedit
ac_cv_prog_ac_ct_OTOOL=otool
ac_cv_prog_ac_ct_RANLIB=ranlib
ac_cv_prog_ac_ct_STRIP=strip
ac_cv_prog_cc_c89=
ac_cv_prog_cc_g=yes
ac_cv_prog_cxx_g=yes
ac_cv_prog_make_make_set=yes
am_cv_CC_dependencies_compiler_type=gcc3
am_cv_CXX_dependencies_compiler_type=gcc3
lt_cv_apple_cc_single_mod=yes
lt_cv_deplibs_check_method=pass_all
lt_cv_file_magic_cmd='$MAGIC_CMD'
lt_cv_file_magic_test_file=
lt_cv_ld_exported_symbols_list=yes
lt_cv_ld_force_load=yes
lt_cv_ld_reload_flag=-r
lt_cv_nm_interface='BSD nm'
lt_cv_objdir=.libs
lt_cv_path_LD=/usr/llvm-gcc-4.2/libexec/gcc/i686-apple-darwin10/4.2.1/ld
lt_cv_path_LDCXX=/usr/llvm-gcc-4.2/libexec/gcc/i686-apple-darwin10/4.2.1/ld
lt_cv_path_NM=/usr/bin/nm
lt_cv_prog_compiler_c_o=yes
lt_cv_prog_compiler_c_o_CXX=yes
lt_cv_prog_compiler_pic_works=yes
lt_cv_prog_compiler_pic_works_CXX=yes
lt_cv_prog_compiler_rtti_exceptions=no
lt_cv_prog_compiler_static_works=no
lt_cv_prog_compiler_static_works_CXX=no
lt_cv_prog_gnu_ld=no
lt_cv_prog_gnu_ldcxx=no
lt_cv_sys_global_symbol_pipe='sed -n -e '\''s/^.*[	 ]\([BCDEGRST][BCDEGRST]*\)[	 ][	 ]*_\([_A-Za-z][_A-Za-z0-9]*\)$/\1 _\2 \2/p'\'''
lt_cv_sys_global_symbol_to_c_name_address='sed -n -e '\''s/^: \([^ ]*\) $/  {\"\1\", (void *) 0},/p'\'' -e '\''s/^[BCDEGRST]* \([^ ]*\) \([^ ]*\)$/  {"\2", (void *) \&\2},/p'\'''
lt_cv_sys_global_symbol_to_c_name_address_lib_prefix='sed -n -e '\''s/^: \([^ ]*\) $/  {\"\1\", (void *) 0},/p'\'' -e '\''s/^[BCDEGRST]* \([^ ]*\) \(lib[^ ]*\)$/  {"\2", (void *) \&\2},/p'\'' -e '\''s/^[BCDEGRST]* \([^ ]*\) \([^ ]*\)$/  {"lib\2", (void *) \&\2},/p'\'''
lt_cv_sys_global_symbol_to_cdecl='sed -n -e '\''s/^T .* \(.*\)$/extern int \1();/p'\'' -e '\''s/^[BCDEGRST]* .* \(.*\)$/extern char \1;/p'\'''
lt_cv_sys_max_cmd_len=196608

## ----------------- ##
## Output variables. ##
## ----------------- ##

ACLOCAL='${SHELL} /Users/xdfhuke/Desktop/HUSION/ProtocolBuffers-2.2.0-Source/gtest/build-aux/missing --run aclocal-1.10'
AMDEPBACKSLASH='\'
AMDEP_FALSE='#'
AMDEP_TRUE=''
AMTAR='${SHELL} /Users/xdfhuke/Desktop/HUSION/ProtocolBuffers-2.2.0-Source/gtest/build-aux/missing --run tar'
AR='ar'
AUTOCONF='${SHELL} /Users/xdfhuke/Desktop/HUSION/ProtocolBuffers-2.2.0-Source/gtest/build-aux/missing --run autoconf'
AUTOHEADER='${SHELL} /Users/xdfhuke/Desktop/HUSION/ProtocolBuffers-2.2.0-Source/gtest/build-aux/missing --run autoheader'
AUTOMAKE='${SHELL} /Users/xdfhuke/Desktop/HUSION/ProtocolBuffers-2.2.0-Source/gtest/build-aux/missing --run automake-1.10'
AWK='awk'
CC='gcc'
CCDEPMODE='depmode=gcc3'
CFLAGS='-g -O2'
CPP='gcc -E'
CPPFLAGS=''
CXX='g++'
CXXCPP='g++ -E'
CXXDEPMODE='depmode=gcc3'
CXXFLAGS=' -g -DNDEBUG'
CYGPATH_W='echo'
DEFS='-DHAVE_CONFIG_H'
DEPDIR='.deps'
DSYMUTIL='dsymutil'
DUMPBIN=''
ECHO_C='ECHO_N=''
ECHO_T=''
EGREP='/usr/bin/grep -E'
EXEEXT=''
FGREP='/usr/bin/grep -F'
GREP='/usr/bin/grep'
HAVE_PYTHON_FALSE='#'
HAVE_PYTHON_TRUE=''
INSTALL_DATA='${INSTALL} -m 644'
INSTALL_PROGRAM='${INSTALL}'
INSTALL_SCRIPT='${INSTALL}'
INSTALL_STRIP_PROGRAM='$(install_sh) -c -s'
LD='/usr/llvm-gcc-4.2/libexec/gcc/i686-apple-darwin10/4.2.1/ld'
LDFLAGS=''
LIBOBJS=''
LIBS=''
LIBTOOL='$(SHELL) $(top_builddir)/libtool'
LIPO='lipo'
LN_S='ln -s'
LTLIBOBJS=''
MAKEINFO='${SHELL} /Users/xdfhuke/Desktop/HUSION/ProtocolBuffers-2.2.0-Source/gtest/build-aux/missing --run makeinfo'
NM='/usr/bin/nm'
NMEDIT='nmedit'
OBJDUMP='false'
OBJEXT='o'
OTOOL64=':'
OTOOL='otool'
PACKAGE='gtest'
PACKAGE_BUGREPORT='googletestframework@googlegroups.com'
PACKAGE_NAME='Google C++ Testing Framework'
PACKAGE_STRING='Google C++ Testing Framework 1.3.0'
PACKAGE_TARNAME='gtest'
PACKAGE_VERSION='1.3.0'
PATH_SEPARATOR=':'
PTHREAD_CC='gcc'
PTHREAD_CFLAGS='-D_THREAD_SAFE '
PTHREAD_LIBS=''
PYTHON='/usr/bin/python'
RANLIB='ranlib'
SED='/usr/bin/sed'
SET_MAKE=''
SHELL='/bin/sh'
STRIP='strip'
VERSION='1.3.0'
ac_ct_CC='gcc'
ac_ct_CXX='g++'
ac_ct_DUMPBIN=''
acx_pthread_config=''
am__fastdepCC_FALSE='#'
am__fastdepCC_TRUE=''
am__fastdepCXX_FALSE='#'
am__fastdepCXX_TRUE=''
am__include='include'
am__isrc=''
am__leading_dot='.'
am__quote=''
am__tar='${AMTAR} chof - "$$tardir"'
am__untar='${AMTAR} xf -'
bindir='${exec_prefix}/bin'
build='i386-apple-darwin10.8.0'
build_alias=''
build_cpu='i386'
build_os='darwin10.8.0'
build_vendor='apple'
datadir='${datarootdir}'
datarootdir='${prefix}/share'
docdir='${datarootdir}/doc/${PACKAGE_TARNAME}'
dvidir='${docdir}'
exec_prefix='${prefix}'
host='i386-apple-darwin10.8.0'
host_alias=''
host_cpu='i386'
host_os='darwin10.8.0'
host_vendor='apple'
htmldir='${docdir}'
includedir='${prefix}/include'
infodir='${datarootdir}/info'
install_sh='$(SHELL) /Users/xdfhuke/Desktop/HUSION/ProtocolBuffers-2.2.0-Source/gtest/build-aux/install-sh'
libdir='${exec_prefix}/lib'
libexecdir='${exec_prefix}/libexec'
localedir='${datarootdir}/locale'
localstatedir='${prefix}/var'
mandir='${datarootdir}/man'
mkdir_p='$(top_builddir)/build-aux/install-sh -c -d'
oldincludedir='/usr/include'
pdfdir='${docdir}'
prefix='/usr/local'
program_transform_name='s,x,x,'
psdir='${docdir}'
sbindir='${exec_prefix}/sbin'
sharedstatedir='${prefix}/com'
sysconfdir='${prefix}/etc'
target_alias=''

## ----------- ##
## confdefs.h. ##
## ----------- ##

#define PACKAGE_NAME "Google C++ Testing Framework"
#define PACKAGE_TARNAME "gtest"
#define PACKAGE_VERSION "1.3.0"
#define PACKAGE_STRING "Google C++ Testing Framework 1.3.0"
#define PACKAGE_BUGREPORT "googletestframework@googlegroups.com"
#define PACKAGE "gtest"
#define VERSION "1.3.0"
#define STDC_HEADERS 1
#define HAVE_SYS_TYPES_H 1
#define HAVE_SYS_STAT_H 1
#define HAVE_STDLIB_H 1
#define HAVE_STRING_H 1
#define HAVE_MEMORY_H 1
#define HAVE_STRINGS_H 1
#define HAVE_INTTYPES_H 1
#define HAVE_STDINT_H 1
#define HAVE_UNISTD_H 1
#define HAVE_DLFCN_H 1
#define LT_OBJDIR ".libs/"
#define HAVE_PTHREAD 1

configure: exit 0
